

-------------------------------------------------
CS240: Lab 2b. cs240   
Sat Aug 29 15:19:08 EDT 2015
-------------------------------------------------
test_mystring test1                 : 0   of 3  
test_mystring test2                 : 0   of 3  
test_mystring test3                 : 0   of 3  
test_mystring test4                 : 0   of 3  
test_mystring test5                 : 0   of 3  
test_mystring test6                 : 0   of 3  
test_mystring test7                 : 0   of 3  
-------------------------------------------------
CS240: Lab 2b. cs240 Sat Aug 29 15:19:08 EDT 2015  Total:  0 of 21



-------------------------------------------------
CS240: Lab 2b. cs240   
Sat Aug 29 15:25:50 EDT 2015
-------------------------------------------------
test_mystring test1                 : 3   of 3  
test_mystring test2                 : 3   of 3  
test_mystring test3                 : 3   of 3  
test_mystring test4                 : 3   of 3  
test_mystring test5                 : 3   of 3  
test_mystring test6                 : 3   of 3  
test_mystring test7                 : 3   of 3  
-------------------------------------------------
CS240: Lab 2b. cs240 Sat Aug 29 15:25:50 EDT 2015  Total:  21 of 21



-------------------------------------------------
CS240: Lab 2b. cs240   
Sat Aug 29 15:26:57 EDT 2015
-------------------------------------------------
test_mystring test1                 : 3   of 3  
test_mystring test2                 : 3   of 3  
test_mystring test3                 : 3   of 3  
test_mystring test4                 : 3   of 3  
test_mystring test5                 : 3   of 3  
test_mystring test6                 : 3   of 3  
test_mystring test7                 : 3   of 3  
-------------------------------------------------
CS240: Lab 2b. cs240 Sat Aug 29 15:26:57 EDT 2015  Total:  21 of 21



-------------------------------------------------
CS240: Lab 2b. cs240   
Sat Aug 29 15:27:45 EDT 2015
-------------------------------------------------
test_mystring test1                 : 0   of 3  
test_mystring test2                 : 0   of 3  
test_mystring test3                 : 0   of 3  
test_mystring test4                 : 0   of 3  
test_mystring test5                 : 0   of 3  
test_mystring test6                 : 0   of 3  
test_mystring test7                 : 0   of 3  
-------------------------------------------------
CS240: Lab 2b. cs240 Sat Aug 29 15:27:45 EDT 2015  Total:  0 of 21



-------------------------------------------------
CS240: Lab 2b. cs240   
Sat Aug 29 15:28:05 EDT 2015
-------------------------------------------------
test_mystring test1                 : 0   of 3  
test_mystring test2                 : 0   of 3  
test_mystring test3                 : 0   of 3  
test_mystring test4                 : 0   of 3  
test_mystring test5                 : 0   of 3  
test_mystring test6                 : 0   of 3  
test_mystring test7                 : 0   of 3  
-------------------------------------------------
CS240: Lab 2b. cs240 Sat Aug 29 15:28:05 EDT 2015  Total:  0 of 21



-------------------------------------------------
CS240: Lab 2. ding183   
Sun Jan 21 11:31:04 EST 2018
-------------------------------------------------
test_mystring test2                 : 0   of 3  
test_mystring test3                 : 0   of 3  
test_mystring test4                 : 0   of 3  
test_mystring test5                 : 0   of 3  
test_mystring test6                 : 0   of 3  
test_mystring test7                 : 0   of 3  
-------------------------------------------------
CS240: Lab 2. ding183 Sun Jan 21 11:31:04 EST 2018  Total:  0 of 21



-------------------------------------------------
CS240: Lab 2. ding183   
Sun Jan 21 11:39:00 EST 2018
-------------------------------------------------
test_mystring test2                 : 0   of 3  
test_mystring test3                 : 0   of 3  
test_mystring test4                 : 0   of 3  
test_mystring test5                 : 0   of 3  
test_mystring test6                 : 0   of 3  
test_mystring test7                 : 0   of 3  
-------------------------------------------------
CS240: Lab 2. ding183 Sun Jan 21 11:39:00 EST 2018  Total:  0 of 21



-------------------------------------------------
CS240: Lab 2. ding183   
Sun Jan 21 11:41:43 EST 2018
-------------------------------------------------
test_mystring test2                 : 0   of 3  
test_mystring test3                 : 0   of 3  
test_mystring test4                 : 0   of 3  
test_mystring test5                 : 0   of 3  
test_mystring test6                 : 0   of 3  
test_mystring test7                 : 0   of 3  
-------------------------------------------------
CS240: Lab 2. ding183 Sun Jan 21 11:41:43 EST 2018  Total:  0 of 21



-------------------------------------------------
CS240: Lab 2. ding183   
Sun Jan 21 11:42:29 EST 2018
-------------------------------------------------
test_mystring test2                 : 0   of 3  
test_mystring test3                 : 0   of 3  
test_mystring test4                 : 0   of 3  
test_mystring test5                 : 0   of 3  
test_mystring test6                 : 0   of 3  
test_mystring test7                 : 0   of 3  
-------------------------------------------------
CS240: Lab 2. ding183 Sun Jan 21 11:42:29 EST 2018  Total:  0 of 21



-------------------------------------------------
CS240: Lab 2. ding183   
Sun Jan 21 11:43:29 EST 2018
-------------------------------------------------
test_mystring test2                 : 0   of 3  
test_mystring test3                 : 0   of 3  
test_mystring test4                 : 0   of 3  
test_mystring test5                 : 0   of 3  
test_mystring test6                 : 0   of 3  
test_mystring test7                 : 0   of 3  
-------------------------------------------------
CS240: Lab 2. ding183 Sun Jan 21 11:43:29 EST 2018  Total:  0 of 21



-------------------------------------------------
CS240: Lab 2. ding183   
Sun Jan 21 11:48:27 EST 2018
-------------------------------------------------
test_mystring test1                 : 3   of 3  
test_mystring test2                 : 0   of 3  
test_mystring test3                 : 0   of 3  
test_mystring test4                 : 0   of 3  
test_mystring test5                 : 0   of 3  
test_mystring test6                 : 0   of 3  
test_mystring test7                 : 0   of 3  
-------------------------------------------------
CS240: Lab 2. ding183 Sun Jan 21 11:48:27 EST 2018  Total:  3 of 21



-------------------------------------------------
CS240: Lab 2. ding183   
Sun Jan 21 11:50:36 EST 2018
-------------------------------------------------
test_mystring test1                 : 3   of 3  
test_mystring test2                 : 0   of 3  
test_mystring test3                 : 0   of 3  
test_mystring test4                 : 0   of 3  
test_mystring test5                 : 0   of 3  
test_mystring test6                 : 0   of 3  
test_mystring test7                 : 0   of 3  
-------------------------------------------------
CS240: Lab 2. ding183 Sun Jan 21 11:50:36 EST 2018  Total:  3 of 21



-------------------------------------------------
CS240: Lab 2. ding183   
Sun Jan 21 11:57:33 EST 2018
-------------------------------------------------
test_mystring test1                 : 3   of 3  
test_mystring test2                 : 0   of 3  
test_mystring test3                 : 0   of 3  
test_mystring test4                 : 0   of 3  
test_mystring test5                 : 0   of 3  
test_mystring test6                 : 0   of 3  
test_mystring test7                 : 0   of 3  
-------------------------------------------------
CS240: Lab 2. ding183 Sun Jan 21 11:57:33 EST 2018  Total:  3 of 21



-------------------------------------------------
CS240: Lab 2. ding183   
Sun Jan 21 11:58:31 EST 2018
-------------------------------------------------
test_mystring test1                 : 3   of 3  
test_mystring test2                 : 3   of 3  
test_mystring test3                 : 0   of 3  
test_mystring test4                 : 0   of 3  
test_mystring test5                 : 0   of 3  
test_mystring test6                 : 0   of 3  
test_mystring test7                 : 0   of 3  
-------------------------------------------------
CS240: Lab 2. ding183 Sun Jan 21 11:58:31 EST 2018  Total:  6 of 21



-------------------------------------------------
CS240: Lab 2. ding183   
Sun Jan 21 12:02:51 EST 2018
-------------------------------------------------
test_mystring test1                 : 3   of 3  
test_mystring test2                 : 3   of 3  
test_mystring test3                 : 0   of 3  
test_mystring test4                 : 0   of 3  
test_mystring test5                 : 0   of 3  
test_mystring test6                 : 0   of 3  
test_mystring test7                 : 0   of 3  
-------------------------------------------------
CS240: Lab 2. ding183 Sun Jan 21 12:02:51 EST 2018  Total:  6 of 21



-------------------------------------------------
CS240: Lab 2. ding183   
Sun Jan 21 12:13:26 EST 2018
-------------------------------------------------
test_mystring test1                 : 3   of 3  
test_mystring test2                 : 3   of 3  
test_mystring test4                 : 0   of 3  
test_mystring test5                 : 0   of 3  
test_mystring test6                 : 0   of 3  
test_mystring test7                 : 0   of 3  
-------------------------------------------------
CS240: Lab 2. ding183 Sun Jan 21 12:13:26 EST 2018  Total:  6 of 21



-------------------------------------------------
CS240: Lab 2. ding183   
Sun Jan 21 12:14:32 EST 2018
-------------------------------------------------
test_mystring test1                 : 3   of 3  
test_mystring test2                 : 3   of 3  
test_mystring test4                 : 0   of 3  
test_mystring test5                 : 0   of 3  
test_mystring test6                 : 0   of 3  
test_mystring test7                 : 0   of 3  
-------------------------------------------------
CS240: Lab 2. ding183 Sun Jan 21 12:14:32 EST 2018  Total:  6 of 21



-------------------------------------------------
CS240: Lab 2. ding183   
Sun Jan 21 12:15:02 EST 2018
-------------------------------------------------
test_mystring test1                 : 3   of 3  
test_mystring test2                 : 3   of 3  
test_mystring test4                 : 0   of 3  
test_mystring test5                 : 0   of 3  
test_mystring test6                 : 0   of 3  
test_mystring test7                 : 0   of 3  
-------------------------------------------------
CS240: Lab 2. ding183 Sun Jan 21 12:15:02 EST 2018  Total:  6 of 21



-------------------------------------------------
CS240: Lab 2. ding183   
Sun Jan 21 12:17:50 EST 2018
-------------------------------------------------
test_mystring test1                 : 3   of 3  
test_mystring test2                 : 3   of 3  
test_mystring test4                 : 0   of 3  
test_mystring test5                 : 0   of 3  
test_mystring test6                 : 0   of 3  
test_mystring test7                 : 0   of 3  
-------------------------------------------------
CS240: Lab 2. ding183 Sun Jan 21 12:17:50 EST 2018  Total:  6 of 21



-------------------------------------------------
CS240: Lab 2. ding183   
Sun Jan 21 12:22:33 EST 2018
-------------------------------------------------
test_mystring test1                 : 3   of 3  
test_mystring test2                 : 3   of 3  
test_mystring test3                 : 0   of 3  
test_mystring test4                 : 0   of 3  
test_mystring test5                 : 0   of 3  
test_mystring test6                 : 0   of 3  
test_mystring test7                 : 0   of 3  
-------------------------------------------------
CS240: Lab 2. ding183 Sun Jan 21 12:22:33 EST 2018  Total:  6 of 21



-------------------------------------------------
CS240: Lab 2. ding183   
Sun Jan 21 19:37:56 EST 2018
-------------------------------------------------
test_mystring test1                 : 3   of 3  
test_mystring test2                 : 3   of 3  
test_mystring test4                 : 0   of 3  
test_mystring test5                 : 0   of 3  
test_mystring test6                 : 0   of 3  
test_mystring test7                 : 0   of 3  
-------------------------------------------------
CS240: Lab 2. ding183 Sun Jan 21 19:37:56 EST 2018  Total:  6 of 21



-------------------------------------------------
CS240: Lab 2. ding183   
Sun Jan 21 19:39:02 EST 2018
-------------------------------------------------
test_mystring test1                 : 3   of 3  
test_mystring test2                 : 3   of 3  
test_mystring test4                 : 0   of 3  
test_mystring test5                 : 0   of 3  
test_mystring test6                 : 0   of 3  
test_mystring test7                 : 0   of 3  
-------------------------------------------------
CS240: Lab 2. ding183 Sun Jan 21 19:39:02 EST 2018  Total:  6 of 21



-------------------------------------------------
CS240: Lab 2. ding183   
Sun Jan 21 19:43:11 EST 2018
-------------------------------------------------
test_mystring test1                 : 3   of 3  
test_mystring test2                 : 3   of 3  
test_mystring test3                 : 0   of 3  
test_mystring test4                 : 0   of 3  
test_mystring test5                 : 0   of 3  
test_mystring test6                 : 0   of 3  
test_mystring test7                 : 0   of 3  
-------------------------------------------------
CS240: Lab 2. ding183 Sun Jan 21 19:43:11 EST 2018  Total:  6 of 21



-------------------------------------------------
CS240: Lab 2. ding183   
Sun Jan 21 19:44:08 EST 2018
-------------------------------------------------
test_mystring test1                 : 3   of 3  
test_mystring test2                 : 3   of 3  
test_mystring test3                 : 0   of 3  
test_mystring test4                 : 0   of 3  
test_mystring test5                 : 0   of 3  
test_mystring test6                 : 0   of 3  
test_mystring test7                 : 0   of 3  
-------------------------------------------------
CS240: Lab 2. ding183 Sun Jan 21 19:44:08 EST 2018  Total:  6 of 21



-------------------------------------------------
CS240: Lab 2. ding183   
Sun Jan 21 19:45:50 EST 2018
-------------------------------------------------
test_mystring test1                 : 3   of 3  
test_mystring test2                 : 3   of 3  
test_mystring test3                 : 0   of 3  
test_mystring test4                 : 0   of 3  
test_mystring test5                 : 0   of 3  
test_mystring test6                 : 0   of 3  
test_mystring test7                 : 0   of 3  
-------------------------------------------------
CS240: Lab 2. ding183 Sun Jan 21 19:45:50 EST 2018  Total:  6 of 21



-------------------------------------------------
CS240: Lab 2. ding183   
Sun Jan 21 19:46:37 EST 2018
-------------------------------------------------
test_mystring test1                 : 3   of 3  
test_mystring test2                 : 3   of 3  
test_mystring test3                 : 0   of 3  
test_mystring test4                 : 0   of 3  
test_mystring test5                 : 0   of 3  
test_mystring test6                 : 0   of 3  
test_mystring test7                 : 0   of 3  
-------------------------------------------------
CS240: Lab 2. ding183 Sun Jan 21 19:46:37 EST 2018  Total:  6 of 21



-------------------------------------------------
CS240: Lab 2. ding183   
Sun Jan 21 19:50:51 EST 2018
-------------------------------------------------
test_mystring test1                 : 3   of 3  
test_mystring test2                 : 3   of 3  
test_mystring test3                 : 0   of 3  
test_mystring test4                 : 0   of 3  
test_mystring test5                 : 0   of 3  
test_mystring test6                 : 0   of 3  
test_mystring test7                 : 0   of 3  
-------------------------------------------------
CS240: Lab 2. ding183 Sun Jan 21 19:50:51 EST 2018  Total:  6 of 21



-------------------------------------------------
CS240: Lab 2. ding183   
Sun Jan 21 19:59:24 EST 2018
-------------------------------------------------
test_mystring test1                 : 3   of 3  
test_mystring test2                 : 3   of 3  
test_mystring test4                 : 0   of 3  
test_mystring test5                 : 0   of 3  
test_mystring test6                 : 0   of 3  
test_mystring test7                 : 0   of 3  
-------------------------------------------------
CS240: Lab 2. ding183 Sun Jan 21 19:59:24 EST 2018  Total:  6 of 21



-------------------------------------------------
CS240: Lab 2. ding183   
Sun Jan 21 20:18:20 EST 2018
-------------------------------------------------
test_mystring test1                 : 3   of 3  
test_mystring test2                 : 3   of 3  
test_mystring test4                 : 0   of 3  
test_mystring test5                 : 0   of 3  
test_mystring test6                 : 0   of 3  
test_mystring test7                 : 0   of 3  
-------------------------------------------------
CS240: Lab 2. ding183 Sun Jan 21 20:18:20 EST 2018  Total:  6 of 21



-------------------------------------------------
CS240: Lab 2. ding183   
Sun Jan 21 20:18:42 EST 2018
-------------------------------------------------
test_mystring test1                 : 3   of 3  
test_mystring test2                 : 3   of 3  
test_mystring test3                 : 0   of 3  
test_mystring test4                 : 0   of 3  
test_mystring test5                 : 0   of 3  
test_mystring test6                 : 0   of 3  
test_mystring test7                 : 0   of 3  
-------------------------------------------------
CS240: Lab 2. ding183 Sun Jan 21 20:18:42 EST 2018  Total:  6 of 21



-------------------------------------------------
CS240: Lab 2. ding183   
Sun Jan 21 20:19:58 EST 2018
-------------------------------------------------
test_mystring test1                 : 3   of 3  
test_mystring test2                 : 3   of 3  
test_mystring test3                 : 0   of 3  
test_mystring test4                 : 0   of 3  
test_mystring test5                 : 0   of 3  
test_mystring test6                 : 0   of 3  
test_mystring test7                 : 0   of 3  
-------------------------------------------------
CS240: Lab 2. ding183 Sun Jan 21 20:19:58 EST 2018  Total:  6 of 21



-------------------------------------------------
CS240: Lab 2. ding183   
Sun Jan 21 20:21:27 EST 2018
-------------------------------------------------
test_mystring test1                 : 3   of 3  
test_mystring test2                 : 3   of 3  
test_mystring test3                 : 0   of 3  
test_mystring test4                 : 0   of 3  
test_mystring test5                 : 0   of 3  
test_mystring test6                 : 0   of 3  
test_mystring test7                 : 0   of 3  
-------------------------------------------------
CS240: Lab 2. ding183 Sun Jan 21 20:21:27 EST 2018  Total:  6 of 21



-------------------------------------------------
CS240: Lab 2. ding183   
Sun Jan 21 20:22:06 EST 2018
-------------------------------------------------
test_mystring test1                 : 3   of 3  
test_mystring test2                 : 3   of 3  
test_mystring test3                 : 0   of 3  
test_mystring test4                 : 0   of 3  
test_mystring test5                 : 0   of 3  
test_mystring test6                 : 0   of 3  
test_mystring test7                 : 0   of 3  
-------------------------------------------------
CS240: Lab 2. ding183 Sun Jan 21 20:22:06 EST 2018  Total:  6 of 21



-------------------------------------------------
CS240: Lab 2. ding183   
Sun Jan 21 20:24:25 EST 2018
-------------------------------------------------
test_mystring test1                 : 3   of 3  
test_mystring test2                 : 3   of 3  
test_mystring test3                 : 0   of 3  
test_mystring test4                 : 0   of 3  
test_mystring test5                 : 0   of 3  
test_mystring test6                 : 0   of 3  
test_mystring test7                 : 0   of 3  
-------------------------------------------------
CS240: Lab 2. ding183 Sun Jan 21 20:24:25 EST 2018  Total:  6 of 21



-------------------------------------------------
CS240: Lab 2. ding183   
Sun Jan 21 20:47:31 EST 2018
-------------------------------------------------
test_mystring test1                 : 3   of 3  
test_mystring test2                 : 3   of 3  
test_mystring test3                 : 0   of 3  
test_mystring test4                 : 0   of 3  
test_mystring test5                 : 0   of 3  
test_mystring test6                 : 0   of 3  
test_mystring test7                 : 0   of 3  
-------------------------------------------------
CS240: Lab 2. ding183 Sun Jan 21 20:47:31 EST 2018  Total:  6 of 21



-------------------------------------------------
CS240: Lab 2. ding183   
Sun Jan 21 20:49:11 EST 2018
-------------------------------------------------
test_mystring test1                 : 3   of 3  
test_mystring test2                 : 3   of 3  
test_mystring test3                 : 0   of 3  
test_mystring test4                 : 0   of 3  
test_mystring test5                 : 0   of 3  
test_mystring test6                 : 0   of 3  
test_mystring test7                 : 0   of 3  
-------------------------------------------------
CS240: Lab 2. ding183 Sun Jan 21 20:49:11 EST 2018  Total:  6 of 21



-------------------------------------------------
CS240: Lab 2. ding183   
Sun Jan 21 20:58:51 EST 2018
-------------------------------------------------
test_mystring test1                 : 3   of 3  
test_mystring test2                 : 3   of 3  
test_mystring test3                 : 0   of 3  
test_mystring test4                 : 0   of 3  
test_mystring test5                 : 0   of 3  
test_mystring test6                 : 0   of 3  
test_mystring test7                 : 0   of 3  
-------------------------------------------------
CS240: Lab 2. ding183 Sun Jan 21 20:58:51 EST 2018  Total:  6 of 21



-------------------------------------------------
CS240: Lab 2. ding183   
Sun Jan 21 21:00:29 EST 2018
-------------------------------------------------
test_mystring test1                 : 3   of 3  
test_mystring test2                 : 3   of 3  
test_mystring test3                 : 0   of 3  
test_mystring test4                 : 0   of 3  
test_mystring test5                 : 0   of 3  
test_mystring test6                 : 0   of 3  
test_mystring test7                 : 0   of 3  
-------------------------------------------------
CS240: Lab 2. ding183 Sun Jan 21 21:00:29 EST 2018  Total:  6 of 21



-------------------------------------------------
CS240: Lab 2. ding183   
Sun Jan 21 21:02:06 EST 2018
-------------------------------------------------
test_mystring test1                 : 3   of 3  
test_mystring test2                 : 3   of 3  
test_mystring test3                 : 0   of 3  
test_mystring test4                 : 0   of 3  
test_mystring test5                 : 0   of 3  
test_mystring test6                 : 0   of 3  
test_mystring test7                 : 0   of 3  
-------------------------------------------------
CS240: Lab 2. ding183 Sun Jan 21 21:02:06 EST 2018  Total:  6 of 21



-------------------------------------------------
CS240: Lab 2. ding183   
Sun Jan 21 21:02:41 EST 2018
-------------------------------------------------
test_mystring test1                 : 3   of 3  
test_mystring test2                 : 3   of 3  
test_mystring test3                 : 0   of 3  
test_mystring test4                 : 0   of 3  
test_mystring test5                 : 0   of 3  
test_mystring test6                 : 0   of 3  
test_mystring test7                 : 0   of 3  
-------------------------------------------------
CS240: Lab 2. ding183 Sun Jan 21 21:02:41 EST 2018  Total:  6 of 21



-------------------------------------------------
CS240: Lab 2. ding183   
Sun Jan 21 21:03:05 EST 2018
-------------------------------------------------
test_mystring test1                 : 3   of 3  
test_mystring test2                 : 3   of 3  
test_mystring test3                 : 0   of 3  
test_mystring test4                 : 0   of 3  
test_mystring test5                 : 0   of 3  
test_mystring test6                 : 0   of 3  
test_mystring test7                 : 0   of 3  
-------------------------------------------------
CS240: Lab 2. ding183 Sun Jan 21 21:03:05 EST 2018  Total:  6 of 21



-------------------------------------------------
CS240: Lab 2. ding183   
Sun Jan 21 21:03:41 EST 2018
-------------------------------------------------
test_mystring test1                 : 3   of 3  
test_mystring test2                 : 3   of 3  
test_mystring test3                 : 0   of 3  
test_mystring test4                 : 0   of 3  
test_mystring test5                 : 0   of 3  
test_mystring test6                 : 0   of 3  
test_mystring test7                 : 0   of 3  
-------------------------------------------------
CS240: Lab 2. ding183 Sun Jan 21 21:03:41 EST 2018  Total:  6 of 21



-------------------------------------------------
CS240: Lab 2. ding183   
Sun Jan 21 21:07:27 EST 2018
-------------------------------------------------
test_mystring test1                 : 3   of 3  
test_mystring test2                 : 3   of 3  
test_mystring test3                 : 0   of 3  
test_mystring test4                 : 0   of 3  
test_mystring test5                 : 0   of 3  
test_mystring test6                 : 0   of 3  
test_mystring test7                 : 0   of 3  
-------------------------------------------------
CS240: Lab 2. ding183 Sun Jan 21 21:07:27 EST 2018  Total:  6 of 21



-------------------------------------------------
CS240: Lab 2. ding183   
Sun Jan 21 21:33:56 EST 2018
-------------------------------------------------
test_mystring test1                 : 3   of 3  
test_mystring test2                 : 3   of 3  
test_mystring test3                 : 0   of 3  
test_mystring test4                 : 0   of 3  
test_mystring test5                 : 0   of 3  
test_mystring test6                 : 0   of 3  
test_mystring test7                 : 0   of 3  
-------------------------------------------------
CS240: Lab 2. ding183 Sun Jan 21 21:33:56 EST 2018  Total:  6 of 21



-------------------------------------------------
CS240: Lab 2. ding183   
Sun Jan 21 21:36:42 EST 2018
-------------------------------------------------
test_mystring test1                 : 3   of 3  
test_mystring test2                 : 3   of 3  
test_mystring test3                 : 0   of 3  
test_mystring test4                 : 0   of 3  
test_mystring test5                 : 0   of 3  
test_mystring test6                 : 0   of 3  
test_mystring test7                 : 0   of 3  
-------------------------------------------------
CS240: Lab 2. ding183 Sun Jan 21 21:36:42 EST 2018  Total:  6 of 21



-------------------------------------------------
CS240: Lab 2. ding183   
Mon Jan 22 09:08:48 EST 2018
-------------------------------------------------
test_mystring test1                 : 3   of 3  
test_mystring test2                 : 3   of 3  
test_mystring test3                 : 0   of 3  
test_mystring test4                 : 0   of 3  
test_mystring test5                 : 0   of 3  
test_mystring test6                 : 0   of 3  
test_mystring test7                 : 0   of 3  
-------------------------------------------------
CS240: Lab 2. ding183 Mon Jan 22 09:08:48 EST 2018  Total:  6 of 21



-------------------------------------------------
CS240: Lab 2. ding183   
Mon Jan 22 09:53:24 EST 2018
-------------------------------------------------
test_mystring test1                 : 3   of 3  
test_mystring test2                 : 3   of 3  
test_mystring test3                 : 0   of 3  
test_mystring test4                 : 0   of 3  
test_mystring test5                 : 0   of 3  
test_mystring test6                 : 0   of 3  
test_mystring test7                 : 0   of 3  
-------------------------------------------------
CS240: Lab 2. ding183 Mon Jan 22 09:53:24 EST 2018  Total:  6 of 21



-------------------------------------------------
CS240: Lab 2. ding183   
Mon Jan 22 14:05:29 EST 2018
-------------------------------------------------
test_mystring test1                 : 3   of 3  
test_mystring test2                 : 3   of 3  
test_mystring test3                 : 0   of 3  
test_mystring test4                 : 0   of 3  
test_mystring test5                 : 0   of 3  
test_mystring test6                 : 0   of 3  
test_mystring test7                 : 0   of 3  
-------------------------------------------------
CS240: Lab 2. ding183 Mon Jan 22 14:05:29 EST 2018  Total:  6 of 21



-------------------------------------------------
CS240: Lab 2. ding183   
Mon Jan 22 14:14:59 EST 2018
-------------------------------------------------
test_mystring test1                 : 3   of 3  
test_mystring test2                 : 3   of 3  
test_mystring test3                 : 3   of 3  
test_mystring test4                 : 0   of 3  
test_mystring test5                 : 0   of 3  
test_mystring test6                 : 0   of 3  
test_mystring test7                 : 0   of 3  
-------------------------------------------------
CS240: Lab 2. ding183 Mon Jan 22 14:14:59 EST 2018  Total:  9 of 21



-------------------------------------------------
CS240: Lab 2. ding183   
Mon Jan 22 14:15:19 EST 2018
-------------------------------------------------
test_mystring test1                 : 3   of 3  
test_mystring test2                 : 3   of 3  
test_mystring test3                 : 3   of 3  
test_mystring test4                 : 0   of 3  
test_mystring test5                 : 0   of 3  
test_mystring test6                 : 0   of 3  
test_mystring test7                 : 0   of 3  
-------------------------------------------------
CS240: Lab 2. ding183 Mon Jan 22 14:15:19 EST 2018  Total:  9 of 21



-------------------------------------------------
CS240: Lab 2. ding183   
Mon Jan 22 14:22:08 EST 2018
-------------------------------------------------
test_mystring test1                 : 3   of 3  
test_mystring test2                 : 3   of 3  
test_mystring test3                 : 3   of 3  
test_mystring test4                 : 3   of 3  
test_mystring test5                 : 0   of 3  
test_mystring test6                 : 0   of 3  
test_mystring test7                 : 0   of 3  
-------------------------------------------------
CS240: Lab 2. ding183 Mon Jan 22 14:22:08 EST 2018  Total:  12 of 21



-------------------------------------------------
CS240: Lab 2. ding183   
Mon Jan 22 14:29:39 EST 2018
-------------------------------------------------
test_mystring test1                 : 3   of 3  
test_mystring test2                 : 3   of 3  
test_mystring test3                 : 3   of 3  
test_mystring test4                 : 3   of 3  
test_mystring test5                 : 0   of 3  
test_mystring test7                 : 0   of 3  
-------------------------------------------------
CS240: Lab 2. ding183 Mon Jan 22 14:29:39 EST 2018  Total:  12 of 21



-------------------------------------------------
CS240: Lab 2. ding183   
Mon Jan 22 14:34:02 EST 2018
-------------------------------------------------
test_mystring test1                 : 3   of 3  
test_mystring test2                 : 3   of 3  
test_mystring test3                 : 3   of 3  
test_mystring test4                 : 3   of 3  
test_mystring test5                 : 0   of 3  
test_mystring test7                 : 0   of 3  
-------------------------------------------------
CS240: Lab 2. ding183 Mon Jan 22 14:34:02 EST 2018  Total:  12 of 21



-------------------------------------------------
CS240: Lab 2. ding183   
Mon Jan 22 14:35:09 EST 2018
-------------------------------------------------
test_mystring test1                 : 3   of 3  
test_mystring test2                 : 3   of 3  
test_mystring test3                 : 3   of 3  
test_mystring test4                 : 3   of 3  
test_mystring test5                 : 0   of 3  
test_mystring test7                 : 0   of 3  
-------------------------------------------------
CS240: Lab 2. ding183 Mon Jan 22 14:35:09 EST 2018  Total:  12 of 21



-------------------------------------------------
CS240: Lab 2. ding183   
Mon Jan 22 14:37:46 EST 2018
-------------------------------------------------
test_mystring test1                 : 3   of 3  
test_mystring test2                 : 3   of 3  
test_mystring test3                 : 3   of 3  
test_mystring test4                 : 3   of 3  
test_mystring test5                 : 0   of 3  
test_mystring test6                 : 3   of 3  
test_mystring test7                 : 0   of 3  
-------------------------------------------------
CS240: Lab 2. ding183 Mon Jan 22 14:37:46 EST 2018  Total:  15 of 21



-------------------------------------------------
CS240: Lab 2. ding183   
Mon Jan 22 14:41:10 EST 2018
-------------------------------------------------
test_mystring test1                 : 3   of 3  
test_mystring test2                 : 3   of 3  
test_mystring test3                 : 3   of 3  
test_mystring test4                 : 3   of 3  
test_mystring test5                 : 0   of 3  
test_mystring test6                 : 3   of 3  
test_mystring test7                 : 0   of 3  
-------------------------------------------------
CS240: Lab 2. ding183 Mon Jan 22 14:41:10 EST 2018  Total:  15 of 21



-------------------------------------------------
CS240: Lab 2. ding183   
Mon Jan 22 14:41:47 EST 2018
-------------------------------------------------
test_mystring test1                 : 3   of 3  
test_mystring test2                 : 3   of 3  
test_mystring test3                 : 3   of 3  
test_mystring test4                 : 3   of 3  
test_mystring test5                 : 0   of 3  
test_mystring test6                 : 3   of 3  
test_mystring test7                 : 0   of 3  
-------------------------------------------------
CS240: Lab 2. ding183 Mon Jan 22 14:41:47 EST 2018  Total:  15 of 21



-------------------------------------------------
CS240: Lab 2. ding183   
Mon Jan 22 14:44:11 EST 2018
-------------------------------------------------
test_mystring test1                 : 3   of 3  
test_mystring test2                 : 3   of 3  
test_mystring test3                 : 3   of 3  
test_mystring test4                 : 3   of 3  
test_mystring test5                 : 0   of 3  
test_mystring test6                 : 3   of 3  
test_mystring test7                 : 3   of 3  
-------------------------------------------------
CS240: Lab 2. ding183 Mon Jan 22 14:44:11 EST 2018  Total:  18 of 21



-------------------------------------------------
CS240: Lab 2. ding183   
Mon Jan 22 14:51:33 EST 2018
-------------------------------------------------
test_mystring test1                 : 3   of 3  
test_mystring test2                 : 3   of 3  
test_mystring test3                 : 3   of 3  
test_mystring test4                 : 3   of 3  
test_mystring test5                 : 0   of 3  
test_mystring test6                 : 3   of 3  
test_mystring test7                 : 3   of 3  
-------------------------------------------------
CS240: Lab 2. ding183 Mon Jan 22 14:51:33 EST 2018  Total:  18 of 21



-------------------------------------------------
CS240: Lab 2. ding183   
Mon Jan 22 14:52:41 EST 2018
-------------------------------------------------
test_mystring test1                 : 3   of 3  
test_mystring test2                 : 3   of 3  
test_mystring test3                 : 3   of 3  
test_mystring test4                 : 3   of 3  
test_mystring test5                 : 0   of 3  
test_mystring test6                 : 3   of 3  
test_mystring test7                 : 3   of 3  
-------------------------------------------------
CS240: Lab 2. ding183 Mon Jan 22 14:52:41 EST 2018  Total:  18 of 21



-------------------------------------------------
CS240: Lab 2. ding183   
Mon Jan 22 15:01:28 EST 2018
-------------------------------------------------
test_mystring test1                 : 3   of 3  
test_mystring test2                 : 3   of 3  
test_mystring test3                 : 3   of 3  
test_mystring test4                 : 3   of 3  
test_mystring test5                 : 0   of 3  
test_mystring test6                 : 3   of 3  
test_mystring test7                 : 3   of 3  
-------------------------------------------------
CS240: Lab 2. ding183 Mon Jan 22 15:01:28 EST 2018  Total:  18 of 21



-------------------------------------------------
CS240: Lab 2. ding183   
Mon Jan 22 15:12:34 EST 2018
-------------------------------------------------
test_mystring test1                 : 3   of 3  
test_mystring test2                 : 3   of 3  
test_mystring test3                 : 3   of 3  
test_mystring test4                 : 3   of 3  
test_mystring test5                 : 0   of 3  
test_mystring test6                 : 3   of 3  
test_mystring test7                 : 3   of 3  
-------------------------------------------------
CS240: Lab 2. ding183 Mon Jan 22 15:12:34 EST 2018  Total:  18 of 21



-------------------------------------------------
CS240: Lab 2. ding183   
Mon Jan 22 15:34:01 EST 2018
-------------------------------------------------
test_mystring test1                 : 3   of 3  
test_mystring test2                 : 3   of 3  
test_mystring test3                 : 3   of 3  
test_mystring test4                 : 3   of 3  
test_mystring test5                 : 0   of 3  
test_mystring test6                 : 3   of 3  
test_mystring test7                 : 3   of 3  
-------------------------------------------------
CS240: Lab 2. ding183 Mon Jan 22 15:34:01 EST 2018  Total:  18 of 21



-------------------------------------------------
CS240: Lab 2. ding183   
Mon Jan 22 15:34:53 EST 2018
-------------------------------------------------
test_mystring test1                 : 3   of 3  
test_mystring test2                 : 3   of 3  
test_mystring test3                 : 3   of 3  
test_mystring test4                 : 3   of 3  
test_mystring test5                 : 0   of 3  
test_mystring test6                 : 3   of 3  
test_mystring test7                 : 3   of 3  
-------------------------------------------------
CS240: Lab 2. ding183 Mon Jan 22 15:34:53 EST 2018  Total:  18 of 21



-------------------------------------------------
CS240: Lab 2. ding183   
Mon Jan 22 16:39:37 EST 2018
-------------------------------------------------
test_mystring test1                 : 3   of 3  
test_mystring test2                 : 3   of 3  
test_mystring test3                 : 3   of 3  
test_mystring test4                 : 3   of 3  
test_mystring test5                 : 0   of 3  
test_mystring test6                 : 3   of 3  
test_mystring test7                 : 3   of 3  
-------------------------------------------------
CS240: Lab 2. ding183 Mon Jan 22 16:39:37 EST 2018  Total:  18 of 21



-------------------------------------------------
CS240: Lab 2. ding183   
Mon Jan 22 16:44:57 EST 2018
-------------------------------------------------
test_mystring test1                 : 3   of 3  
test_mystring test2                 : 3   of 3  
test_mystring test3                 : 3   of 3  
test_mystring test4                 : 3   of 3  
test_mystring test6                 : 3   of 3  
test_mystring test7                 : 3   of 3  
-------------------------------------------------
CS240: Lab 2. ding183 Mon Jan 22 16:44:57 EST 2018  Total:  18 of 21



-------------------------------------------------
CS240: Lab 2. ding183   
Mon Jan 22 17:38:41 EST 2018
-------------------------------------------------
test_mystring test1                 : 3   of 3  
test_mystring test2                 : 3   of 3  
test_mystring test3                 : 3   of 3  
test_mystring test4                 : 3   of 3  
test_mystring test6                 : 3   of 3  
test_mystring test7                 : 3   of 3  
-------------------------------------------------
CS240: Lab 2. ding183 Mon Jan 22 17:38:41 EST 2018  Total:  18 of 21



-------------------------------------------------
CS240: Lab 2. ding183   
Mon Jan 22 17:49:09 EST 2018
-------------------------------------------------
test_mystring test1                 : 3   of 3  
test_mystring test2                 : 3   of 3  
test_mystring test3                 : 3   of 3  
test_mystring test4                 : 3   of 3  
test_mystring test5                 : 3   of 3  
test_mystring test6                 : 3   of 3  
test_mystring test7                 : 3   of 3  
-------------------------------------------------
CS240: Lab 2. ding183 Mon Jan 22 17:49:09 EST 2018  Total:  21 of 21



-------------------------------------------------
CS240: Lab 2. ding183   
Mon Jan 22 21:48:40 EST 2018
-------------------------------------------------
test_mystring test1                 : 3   of 3  
test_mystring test2                 : 3   of 3  
test_mystring test3                 : 3   of 3  
test_mystring test4                 : 3   of 3  
test_mystring test5                 : 3   of 3  
test_mystring test6                 : 3   of 3  
test_mystring test7                 : 3   of 3  
-------------------------------------------------
CS240: Lab 2. ding183 Mon Jan 22 21:48:40 EST 2018  Total:  21 of 21



-------------------------------------------------
CS240: Lab 2. ding183   
Tue Jan 23 09:29:25 EST 2018
-------------------------------------------------
test_mystring test1                 : 3   of 3  
test_mystring test2                 : 3   of 3  
test_mystring test3                 : 3   of 3  
test_mystring test4                 : 3   of 3  
test_mystring test5                 : 3   of 3  
test_mystring test6                 : 3   of 3  
test_mystring test7                 : 3   of 3  
-------------------------------------------------
CS240: Lab 2. ding183 Tue Jan 23 09:29:25 EST 2018  Total:  21 of 21



-------------------------------------------------
CS240: Lab 2. ding183   
Wed Jan 24 12:03:27 EST 2018
-------------------------------------------------
test_mystring test1                 : 3   of 3  
test_mystring test2                 : 3   of 3  
test_mystring test3                 : 3   of 3  
test_mystring test4                 : 3   of 3  
test_mystring test5                 : 3   of 3  
test_mystring test6                 : 3   of 3  
test_mystring test7                 : 3   of 3  
-------------------------------------------------
CS240: Lab 2. ding183 Wed Jan 24 12:03:27 EST 2018  Total:  21 of 21



-------------------------------------------------
CS240: Lab 2. ding183   
Wed Jan 24 16:22:08 EST 2018
-------------------------------------------------
test_mystring test1                 : 3   of 3  
test_mystring test2                 : 3   of 3  
test_mystring test3                 : 3   of 3  
test_mystring test4                 : 3   of 3  
test_mystring test5                 : 3   of 3  
test_mystring test6                 : 3   of 3  
test_mystring test7                 : 3   of 3  
-------------------------------------------------
CS240: Lab 2. ding183 Wed Jan 24 16:22:08 EST 2018  Total:  21 of 21



-------------------------------------------------
CS240: Lab 2. ding183   
Tue Jan 30 00:16:24 EST 2018
-------------------------------------------------
test_mystring test1                 : 3   of 3  
test_mystring test2                 : 3   of 3  
test_mystring test3                 : 3   of 3  
test_mystring test4                 : 3   of 3  
test_mystring test5                 : 3   of 3  
test_mystring test6                 : 3   of 3  
test_mystring test7                 : 3   of 3  
-------------------------------------------------
CS240: Lab 2. ding183 Tue Jan 30 00:16:24 EST 2018  Total:  21 of 21

