CS240: Exam3. pheldrin Fri Dec 11 00:41:36 EST 2015  Total:  6 of 25
6
25
CS240: Exam3. pheldrin Fri Dec 11 00:44:50 EST 2015  Total:  25 of 25
25
25
CS240: Exam3. pheldrin Fri Dec 11 00:44:56 EST 2015  Total:  25 of 25
25
25
CS240: Exam3. pheldrin Sun Dec 13 21:19:35 EST 2015  Total:  25 of 25
25
25
CS240: Exam3. pheldrin Sun Dec 13 21:20:11 EST 2015  Total:  25 of 25
25
25
CS240: Exam3. pheldrin Sun Dec 13 21:20:31 EST 2015  Total:  25 of 25
25
25
CS240: Exam3. pheldrin Sun Dec 13 21:39:46 EST 2015  Total:  0 of 25
0
25
CS240: Exam3. pheldrin Sun Dec 13 21:45:11 EST 2015  Total:  0 of 25
0
25
CS240: Exam3. pheldrin Sun Dec 13 21:45:36 EST 2015  Total:  0 of 25
0
25
CS240: Exam3. pheldrin Sun Dec 13 21:46:04 EST 2015  Total:  0 of 25
0
25
CS240: Exam3. cs240 Tue Nov 14 08:56:45 EST 2017  Total:  0 of 25
0
25
CS240: Exam3. ding183 Thu Apr 12 14:23:32 EDT 2018  Total:  0 of 25
0
25
CS240: Exam3. ding183 Thu Apr 12 14:25:06 EDT 2018  Total:  0 of 25
0
25
CS240: Exam3. ding183 Thu Apr 12 14:25:23 EDT 2018  Total:  0 of 25
0
25
CS240: Exam3. ding183 Thu Apr 12 14:27:32 EDT 2018  Total:  6 of 25
6
25
CS240: Exam3. ding183 Fri Apr 13 14:26:29 EDT 2018  Total:  12 of 25
12
25
CS240: Exam3. ding183 Fri Apr 13 14:28:56 EDT 2018  Total:  12 of 25
12
25
CS240: Exam3. ding183 Fri Apr 13 14:29:11 EDT 2018  Total:  12 of 25
12
25
CS240: Exam3. ding183 Fri Apr 13 14:30:49 EDT 2018  Total:  18 of 25
18
25
CS240: Exam3. ding183 Fri Apr 13 14:40:57 EDT 2018  Total:  18 of 25
18
25
CS240: Exam3. ding183 Fri Apr 13 14:42:21 EDT 2018  Total:  18 of 25
18
25
CS240: Exam3. ding183 Fri Apr 13 14:43:00 EDT 2018  Total:  18 of 25
18
25
CS240: Exam3. ding183 Fri Apr 13 14:43:26 EDT 2018  Total:  18 of 25
18
25
CS240: Exam3. ding183 Fri Apr 13 14:43:47 EDT 2018  Total:  18 of 25
18
25
CS240: Exam3. ding183 Fri Apr 13 14:45:29 EDT 2018  Total:  18 of 25
18
25
CS240: Exam3. ding183 Fri Apr 13 14:47:40 EDT 2018  Total:  18 of 25
18
25
CS240: Exam3. ding183 Fri Apr 13 14:49:38 EDT 2018  Total:  18 of 25
18
25
CS240: Exam3. ding183 Fri Apr 13 14:51:18 EDT 2018  Total:  18 of 25
18
25
CS240: Exam3. ding183 Fri Apr 13 14:52:00 EDT 2018  Total:  18 of 25
18
25
CS240: Exam3. ding183 Sun Apr 15 16:15:29 EDT 2018  Total:  18 of 25
18
25
CS240: Exam3. ding183 Mon Apr 16 14:00:25 EDT 2018  Total:  18 of 25
18
25
CS240: Exam3. ding183 Mon Apr 16 15:35:32 EDT 2018  Total:  18 of 25
18
25
CS240: Exam3. ding183 Mon Apr 16 15:37:09 EDT 2018  Total:  18 of 25
18
25
CS240: Exam3. ding183 Mon Apr 16 15:40:12 EDT 2018  Total:  18 of 25
18
25
CS240: Exam3. ding183 Mon Apr 16 15:40:55 EDT 2018  Total:  21 of 25
21
25
CS240: Exam3. ding183 Mon Apr 16 15:44:07 EDT 2018  Total:  18 of 25
18
25
CS240: Exam3. ding183 Mon Apr 16 15:44:33 EDT 2018  Total:  21 of 25
21
25
CS240: Exam3. ding183 Mon Apr 16 15:45:47 EDT 2018  Total:  21 of 25
21
25
CS240: Exam3. ding183 Mon Apr 16 15:46:54 EDT 2018  Total:  25 of 25
25
25
CS240: Exam3. ding183 Mon Apr 16 15:47:15 EDT 2018  Total:  25 of 25
25
25
CS240: Exam3. ding183 Mon Apr 16 15:47:43 EDT 2018  Total:  25 of 25
25
25
CS240: Exam3. ding183 Mon Apr 16 15:49:37 EDT 2018  Total:  25 of 25
25
25
CS240: Exam3. ding183 Wed Apr 18 00:09:34 EDT 2018  Total:  25 of 25
25
25
