CS240: Exam2. pheldrin Thu Oct 15 12:42:16 EDT 2015  Total:  15 of 15
15
15
CS240: Exam2. pheldrin Thu Oct 15 13:06:45 EDT 2015  Total:  15 of 24
15
24
CS240: Exam2. pheldrin Thu Oct 15 13:07:36 EDT 2015  Total:  24 of 24
24
24
CS240: Exam2. pheldrin Thu Oct 15 13:08:54 EDT 2015  Total:  24 of 24
24
24
CS240: Exam2. pheldrin Thu Oct 15 13:10:01 EDT 2015  Total:  12 of 12
12
12
CS240: Exam2. pheldrin Thu Oct 15 13:10:23 EDT 2015  Total:  24 of 24
24
24
CS240: Exam2. pheldrin Thu Oct 15 13:11:57 EDT 2015  Total:  24 of 24
24
24
CS240: Exam2. pheldrin Thu Oct 15 13:14:18 EDT 2015  Total:  24 of 24
24
24
CS240: Exam2. pheldrin Thu Oct 15 14:51:52 EDT 2015  Total:  24 of 24
24
24
CS240: Exam2. pheldrin Thu Oct 15 21:43:41 EDT 2015  Total:  24 of 24
24
24
CS240: Exam2. pheldrin Thu Oct 15 21:49:10 EDT 2015  Total:  24 of 24
24
24
CS240: Exam2. pheldrin Thu Oct 15 21:49:42 EDT 2015  Total:  24 of 24
24
24
CS240: Exam2. pheldrin Thu Oct 15 21:51:25 EDT 2015  Total:  24 of 24
24
24
CS240: Exam2. pheldrin Thu Oct 15 21:51:59 EDT 2015  Total:  24 of 24
24
24
CS240: Exam2. pheldrin Thu Oct 15 21:53:28 EDT 2015  Total:  24 of 24
24
24
CS240: Exam2. pheldrin Fri Oct 16 02:36:20 EDT 2015  Total:  24 of 24
24
24
CS240: Exam2. pheldrin Fri Oct 16 21:47:52 EDT 2015  Total:  18 of 24
18
24
CS240: Exam2. pheldrin Fri Oct 16 21:48:33 EDT 2015  Total:  24 of 24
24
24
CS240: Exam2. pheldrin Sun Oct 18 00:27:34 EDT 2015  Total:  24 of 24
24
24
CS240: Exam2. pheldrin Sun Oct 18 00:27:39 EDT 2015  Total:  24 of 24
24
24
CS240: Exam2. pheldrin Sun Oct 18 16:24:48 EDT 2015  Total:  24 of 24
24
24
CS240: Exam2. pheldrin Sun Oct 18 17:45:27 EDT 2015  Total:  24 of 24
24
24
CS240: Exam2. pheldrin Sun Oct 18 19:29:30 EDT 2015  Total:  24 of 24
24
24
CS240: Exam2. pheldrin Sun Oct 18 19:37:59 EDT 2015  Total:  24 of 24
24
24
CS240: Exam2. pheldrin Sun Oct 18 19:41:04 EDT 2015  Total:  24 of 24
24
24
CS240: Exam2. pheldrin Sun Oct 18 23:58:20 EDT 2015  Total:  24 of 24
24
24
CS240: Exam2. pheldrin Mon Oct 19 00:02:02 EDT 2015  Total:  24 of 24
24
24
CS240: Exam2. pheldrin Mon Oct 19 00:02:18 EDT 2015  Total:  24 of 24
24
24
CS240: Exam2. pheldrin Mon Oct 19 00:06:43 EDT 2015  Total:  24 of 24
24
24
CS240: Exam2. pheldrin Mon Oct 19 00:08:21 EDT 2015  Total:  24 of 24
24
24
CS240: Exam2. cs240 Mon Oct 19 02:25:21 EDT 2015  Total:  24 of 24
24
24
CS240: Exam2. cs240 Mon Oct 19 02:26:00 EDT 2015  Total:  30 of 30
30
30
CS240: Exam2. cs240 Mon Oct 19 02:28:28 EDT 2015  Total:  30 of 30
30
30
CS240: Exam2. cs240 Mon Oct 19 04:40:23 EDT 2015  Total:  3 of 30
3
30
CS240: Exam2. cs240 Mon Oct 19 04:44:18 EDT 2015  Total:  3 of 30
3
30
CS240: Exam2. cs240 Mon Oct 19 04:47:59 EDT 2015  Total:  3 of 30
3
30
CS240: Exam2. cs240 Mon Oct 19 04:53:56 EDT 2015  Total:  3 of 30
3
30
CS240: Exam2. cs240 Mon Oct 19 12:56:56 EDT 2015  Total:  3 of 30
3
30
CS240: Exam2. cs240 Mon Mar 6 22:12:38 EST 2017  Total:  3 of 30
3
30
CS240: Exam2. cs240 Mon Mar 6 22:13:34 EST 2017  Total:  3 of 30
3
30
CS240: Exam2. ding183 Tue Mar 13 23:04:30 EDT 2018  Total:  3 of 30
3
30
CS240: Exam2. ding183 Tue Mar 13 23:06:37 EDT 2018  Total:  3 of 30
3
30
CS240: Exam2. ding183 Tue Mar 13 23:08:38 EDT 2018  Total:  9 of 30
9
30
CS240: Exam2. ding183 Tue Mar 13 23:09:41 EDT 2018  Total:  15 of 30
15
30
CS240: Exam2. ding183 Tue Mar 13 23:13:12 EDT 2018  Total:  15 of 30
15
30
CS240: Exam2. ding183 Tue Mar 13 23:13:51 EDT 2018  Total:  15 of 30
15
30
CS240: Exam2. ding183 Tue Mar 13 23:15:07 EDT 2018  Total:  15 of 30
15
30
CS240: Exam2. ding183 Tue Mar 13 23:15:57 EDT 2018  Total:  15 of 30
15
30
CS240: Exam2. ding183 Tue Mar 13 23:16:45 EDT 2018  Total:  15 of 30
15
30
CS240: Exam2. ding183 Tue Mar 13 23:17:09 EDT 2018  Total:  15 of 30
15
30
CS240: Exam2. ding183 Tue Mar 13 23:18:00 EDT 2018  Total:  15 of 30
15
30
CS240: Exam2. ding183 Tue Mar 13 23:18:56 EDT 2018  Total:  15 of 30
15
30
CS240: Exam2. ding183 Tue Mar 13 23:20:16 EDT 2018  Total:  15 of 30
15
30
CS240: Exam2. ding183 Tue Mar 13 23:21:41 EDT 2018  Total:  15 of 30
15
30
CS240: Exam2. ding183 Tue Mar 13 23:22:04 EDT 2018  Total:  21 of 30
21
30
CS240: Exam2. ding183 Tue Mar 13 23:22:40 EDT 2018  Total:  21 of 30
21
30
CS240: Exam2. ding183 Tue Mar 13 23:23:37 EDT 2018  Total:  15 of 30
15
30
CS240: Exam2. ding183 Tue Mar 13 23:24:54 EDT 2018  Total:  15 of 30
15
30
CS240: Exam2. ding183 Tue Mar 13 23:25:45 EDT 2018  Total:  15 of 30
15
30
CS240: Exam2. ding183 Tue Mar 13 23:26:32 EDT 2018  Total:  15 of 30
15
30
CS240: Exam2. ding183 Tue Mar 13 23:27:18 EDT 2018  Total:  15 of 30
15
30
CS240: Exam2. ding183 Tue Mar 13 23:27:41 EDT 2018  Total:  21 of 30
21
30
CS240: Exam2. ding183 Tue Mar 13 23:28:44 EDT 2018  Total:  15 of 30
15
30
CS240: Exam2. ding183 Tue Mar 13 23:29:31 EDT 2018  Total:  21 of 30
21
30
CS240: Exam2. ding183 Tue Mar 13 23:33:12 EDT 2018  Total:  21 of 30
21
30
CS240: Exam2. ding183 Tue Mar 13 23:34:33 EDT 2018  Total:  15 of 30
15
30
CS240: Exam2. ding183 Tue Mar 13 23:35:25 EDT 2018  Total:  15 of 30
15
30
CS240: Exam2. ding183 Tue Mar 13 23:37:57 EDT 2018  Total:  21 of 30
21
30
CS240: Exam2. ding183 Tue Mar 13 23:39:13 EDT 2018  Total:  24 of 30
24
30
CS240: Exam2. ding183 Tue Mar 13 23:51:30 EDT 2018  Total:  30 of 30
30
30
CS240: Exam2. ding183 Tue Mar 13 23:51:46 EDT 2018  Total:  24 of 30
24
30
CS240: Exam2. ding183 Tue Mar 13 23:52:38 EDT 2018  Total:  30 of 30
30
30
CS240: Exam2. ding183 Wed Mar 14 00:01:42 EDT 2018  Total:  30 of 30
30
30
CS240: Exam2. ding183 Wed Mar 14 00:03:25 EDT 2018  Total:  30 of 30
30
30
CS240: Exam2. ding183 Fri Mar 16 23:43:10 EDT 2018  Total:  30 of 30
30
30
CS240: Exam2. ding183 Sat Mar 17 00:04:05 EDT 2018  Total:  30 of 30
30
30
CS240: Exam2. ding183 Mon Mar 19 13:23:54 EDT 2018  Total:  30 of 30
30
30
CS240: Exam2. ding183 Mon Mar 19 15:36:37 EDT 2018  Total:  30 of 30
30
30
CS240: Exam2. ding183 Mon Mar 19 21:25:21 EDT 2018  Total:  30 of 30
30
30
CS240: Exam2. ding183 Mon Mar 19 21:26:05 EDT 2018  Total:  21 of 30
21
30
CS240: Exam2. ding183 Mon Mar 19 21:26:59 EDT 2018  Total:  30 of 30
30
30
CS240: Exam2. ding183 Mon Mar 19 21:30:55 EDT 2018  Total:  30 of 30
30
30
CS240: Exam2. ding183 Wed Mar 21 14:30:35 EDT 2018  Total:  24 of 30
24
30
CS240: Exam2. ding183 Wed Mar 21 14:30:51 EDT 2018  Total:  24 of 30
24
30
CS240: Exam2. ding183 Wed Mar 21 14:31:39 EDT 2018  Total:  30 of 30
30
30
