CS240: Exam2. pheldrin Fri Oct 16 02:35:47 EDT 2015  Total:  24 of 24
24
24
CS240: Exam2. pheldrin Fri Oct 16 02:36:21 EDT 2015  Total:  24 of 24
24
24
CS240: Exam2. pheldrin Fri Oct 16 02:36:43 EDT 2015  Total:  24 of 24
24
24
CS240: Exam2. pheldrin Sun Oct 18 00:27:35 EDT 2015  Total:  24 of 24
24
24
CS240: Exam2. pheldrin Sun Oct 18 16:37:54 EDT 2015  Total:  24 of 24
24
24
CS240: Exam2. pheldrin Sun Oct 18 16:38:34 EDT 2015  Total:  24 of 24
24
24
CS240: Exam2. pheldrin Sun Oct 18 16:38:55 EDT 2015  Total:  24 of 24
24
24
CS240: Exam2. pheldrin Sun Oct 18 16:39:20 EDT 2015  Total:  24 of 24
24
24
CS240: Exam2. pheldrin Sun Oct 18 16:39:38 EDT 2015  Total:  24 of 24
24
24
CS240: Exam2. pheldrin Sun Oct 18 17:36:05 EDT 2015  Total:  24 of 24
24
24
CS240: Exam2. pheldrin Sun Oct 18 19:29:30 EDT 2015  Total:  24 of 24
24
24
CS240: Exam2. pheldrin Sun Oct 18 19:41:04 EDT 2015  Total:  24 of 24
24
24
CS240: Exam2. pheldrin Mon Oct 19 00:08:22 EDT 2015  Total:  24 of 24
24
24
CS240: Exam2. cs240 Mon Oct 19 02:25:22 EDT 2015  Total:  24 of 24
24
24
CS240: Exam2. cs240 Mon Oct 19 02:27:00 EDT 2015  Total:  24 of 24
24
24
CS240: Exam2. cs240 Mon Oct 19 02:27:09 EDT 2015  Total:  26 of 26
26
26
CS240: Exam2. cs240 Mon Oct 19 02:27:34 EDT 2015  Total:  30 of 30
30
30
CS240: Exam2. cs240 Mon Oct 19 02:27:53 EDT 2015  Total:  30 of 30
30
30
CS240: Exam2. cs240 Mon Oct 19 02:28:29 EDT 2015  Total:  20 of 20
20
20
CS240: Exam2. cs240 Mon Oct 19 04:35:36 EDT 2015  Total:  20 of 20
20
20
CS240: Exam2. cs240 Mon Oct 19 04:43:03 EDT 2015  Total:  0 of 20
0
20
CS240: Exam2. cs240 Mon Oct 19 04:44:19 EDT 2015  Total:  0 of 20
0
20
CS240: Exam2. cs240 Mon Oct 19 04:48:00 EDT 2015  Total:  0 of 20
0
20
CS240: Exam2. cs240 Mon Oct 19 04:53:57 EDT 2015  Total:  0 of 20
0
20
CS240: Exam2. cs240 Mon Oct 19 12:58:09 EDT 2015  Total:  0 of 20
0
20
CS240: Exam2. cs240 Mon Mar 6 22:13:34 EST 2017  Total:  0 of 20
0
20
CS240: Exam2. ding183 Wed Mar 14 15:08:05 EDT 2018  Total:  5 of 20
5
20
CS240: Exam2. ding183 Wed Mar 14 15:08:20 EDT 2018  Total:  5 of 20
5
20
CS240: Exam2. ding183 Wed Mar 14 15:13:04 EDT 2018  Total:  5 of 20
5
20
CS240: Exam2. ding183 Wed Mar 14 15:13:54 EDT 2018  Total:  5 of 20
5
20
CS240: Exam2. ding183 Wed Mar 14 15:15:21 EDT 2018  Total:  5 of 20
5
20
CS240: Exam2. ding183 Wed Mar 14 15:20:44 EDT 2018  Total:  5 of 20
5
20
CS240: Exam2. ding183 Wed Mar 14 15:21:19 EDT 2018  Total:  5 of 20
5
20
CS240: Exam2. ding183 Wed Mar 14 15:22:03 EDT 2018  Total:  5 of 20
5
20
CS240: Exam2. ding183 Wed Mar 14 15:23:12 EDT 2018  Total:  5 of 20
5
20
CS240: Exam2. ding183 Thu Mar 15 23:15:12 EDT 2018  Total:  5 of 20
5
20
CS240: Exam2. ding183 Thu Mar 15 23:16:53 EDT 2018  Total:  5 of 20
5
20
CS240: Exam2. ding183 Thu Mar 15 23:20:59 EDT 2018  Total:  5 of 20
5
20
CS240: Exam2. ding183 Thu Mar 15 23:21:25 EDT 2018  Total:  5 of 20
5
20
CS240: Exam2. ding183 Thu Mar 15 23:26:55 EDT 2018  Total:  10 of 20
10
20
CS240: Exam2. ding183 Thu Mar 15 23:27:20 EDT 2018  Total:  10 of 20
10
20
CS240: Exam2. ding183 Thu Mar 15 23:28:10 EDT 2018  Total:  10 of 20
10
20
CS240: Exam2. ding183 Thu Mar 15 23:30:02 EDT 2018  Total:  10 of 20
10
20
CS240: Exam2. ding183 Thu Mar 15 23:33:26 EDT 2018  Total:  10 of 20
10
20
CS240: Exam2. ding183 Thu Mar 15 23:33:53 EDT 2018  Total:  15 of 20
15
20
CS240: Exam2. ding183 Thu Mar 15 23:43:00 EDT 2018  Total:  15 of 20
15
20
CS240: Exam2. ding183 Thu Mar 15 23:44:24 EDT 2018  Total:  15 of 20
15
20
CS240: Exam2. ding183 Thu Mar 15 23:45:13 EDT 2018  Total:  15 of 20
15
20
CS240: Exam2. ding183 Thu Mar 15 23:47:12 EDT 2018  Total:  15 of 20
15
20
CS240: Exam2. ding183 Thu Mar 15 23:48:09 EDT 2018  Total:  15 of 20
15
20
CS240: Exam2. ding183 Thu Mar 15 23:48:28 EDT 2018  Total:  15 of 20
15
20
CS240: Exam2. ding183 Thu Mar 15 23:48:45 EDT 2018  Total:  15 of 20
15
20
CS240: Exam2. ding183 Thu Mar 15 23:49:41 EDT 2018  Total:  15 of 20
15
20
CS240: Exam2. ding183 Thu Mar 15 23:49:53 EDT 2018  Total:  15 of 20
15
20
CS240: Exam2. ding183 Thu Mar 15 23:51:48 EDT 2018  Total:  15 of 20
15
20
CS240: Exam2. ding183 Thu Mar 15 23:52:57 EDT 2018  Total:  15 of 20
15
20
CS240: Exam2. ding183 Fri Mar 16 00:00:36 EDT 2018  Total:  15 of 20
15
20
CS240: Exam2. ding183 Fri Mar 16 00:01:55 EDT 2018  Total:  15 of 20
15
20
CS240: Exam2. ding183 Fri Mar 16 00:02:47 EDT 2018  Total:  15 of 20
15
20
CS240: Exam2. ding183 Fri Mar 16 00:03:52 EDT 2018  Total:  15 of 20
15
20
CS240: Exam2. ding183 Fri Mar 16 00:05:31 EDT 2018  Total:  15 of 20
15
20
CS240: Exam2. ding183 Fri Mar 16 00:06:09 EDT 2018  Total:  15 of 20
15
20
CS240: Exam2. ding183 Fri Mar 16 00:06:55 EDT 2018  Total:  15 of 20
15
20
CS240: Exam2. ding183 Fri Mar 16 00:07:37 EDT 2018  Total:  15 of 20
15
20
CS240: Exam2. ding183 Fri Mar 16 00:09:59 EDT 2018  Total:  15 of 20
15
20
CS240: Exam2. ding183 Fri Mar 16 00:10:53 EDT 2018  Total:  15 of 20
15
20
CS240: Exam2. ding183 Fri Mar 16 00:11:38 EDT 2018  Total:  15 of 20
15
20
CS240: Exam2. ding183 Fri Mar 16 00:12:16 EDT 2018  Total:  15 of 20
15
20
CS240: Exam2. ding183 Fri Mar 16 00:13:09 EDT 2018  Total:  15 of 20
15
20
CS240: Exam2. ding183 Fri Mar 16 00:14:21 EDT 2018  Total:  20 of 20
20
20
CS240: Exam2. ding183 Fri Mar 16 00:14:34 EDT 2018  Total:  20 of 20
20
20
CS240: Exam2. ding183 Fri Mar 16 23:43:10 EDT 2018  Total:  20 of 20
20
20
CS240: Exam2. ding183 Sat Mar 17 00:04:06 EDT 2018  Total:  20 of 20
20
20
CS240: Exam2. ding183 Mon Mar 19 13:23:55 EDT 2018  Total:  20 of 20
20
20
CS240: Exam2. ding183 Tue Mar 20 09:36:37 EDT 2018  Total:  20 of 20
20
20
CS240: Exam2. ding183 Tue Mar 20 20:44:12 EDT 2018  Total:  20 of 20
20
20
