CS240: Exam2. cs240 Sun Oct 18 21:19:21 EDT 2015  Total:  0 of 20
0
20
CS240: Exam2. cs240 Sun Oct 18 21:20:20 EDT 2015  Total:  20 of 20
20
20
CS240: Exam2. cs240 Sun Oct 18 21:20:42 EDT 2015  Total:  20 of 20
20
20
CS240: Exam2. cs240 Mon Oct 19 02:25:22 EDT 2015  Total:  20 of 20
20
20
CS240: Exam2. cs240 Mon Oct 19 02:28:29 EDT 2015  Total:  20 of 20
20
20
CS240: Exam2. cs240 Mon Oct 19 04:44:10 EDT 2015  Total:  0 of 20
0
20
CS240: Exam2. cs240 Mon Oct 19 04:44:20 EDT 2015  Total:  0 of 20
0
20
CS240: Exam2. cs240 Mon Oct 19 04:48:00 EDT 2015  Total:  0 of 20
0
20
CS240: Exam2. cs240 Mon Oct 19 04:53:57 EDT 2015  Total:  0 of 20
0
20
CS240: Exam2. cs240 Mon Oct 19 12:58:22 EDT 2015  Total:  0 of 20
0
20
CS240: Exam2. cs240 Mon Mar 6 22:13:35 EST 2017  Total:  0 of 20
0
20
CS240: Exam2. ding183 Fri Mar 16 23:43:10 EDT 2018  Total:  0 of 20
0
20
CS240: Exam2. ding183 Fri Mar 16 23:49:14 EDT 2018  Total:  0 of 20
0
20
CS240: Exam2. ding183 Fri Mar 16 23:52:01 EDT 2018  Total:  7 of 20
7
20
CS240: Exam2. ding183 Fri Mar 16 23:54:01 EDT 2018  Total:  7 of 20
7
20
CS240: Exam2. ding183 Fri Mar 16 23:55:59 EDT 2018  Total:  7 of 20
7
20
CS240: Exam2. ding183 Sat Mar 17 00:03:33 EDT 2018  Total:  7 of 20
7
20
CS240: Exam2. ding183 Sat Mar 17 00:04:06 EDT 2018  Total:  7 of 20
7
20
CS240: Exam2. ding183 Mon Mar 19 12:59:51 EDT 2018  Total:  7 of 20
7
20
CS240: Exam2. ding183 Mon Mar 19 13:06:00 EDT 2018  Total:  7 of 20
7
20
CS240: Exam2. ding183 Mon Mar 19 13:15:50 EDT 2018  Total:  7 of 20
7
20
CS240: Exam2. ding183 Mon Mar 19 13:16:03 EDT 2018  Total:  7 of 20
7
20
CS240: Exam2. ding183 Mon Mar 19 13:18:28 EDT 2018  Total:  7 of 20
7
20
CS240: Exam2. ding183 Mon Mar 19 13:18:47 EDT 2018  Total:  7 of 20
7
20
CS240: Exam2. ding183 Mon Mar 19 13:19:15 EDT 2018  Total:  7 of 20
7
20
CS240: Exam2. ding183 Mon Mar 19 13:19:48 EDT 2018  Total:  7 of 20
7
20
CS240: Exam2. ding183 Mon Mar 19 13:20:19 EDT 2018  Total:  7 of 20
7
20
CS240: Exam2. ding183 Mon Mar 19 13:21:01 EDT 2018  Total:  7 of 20
7
20
CS240: Exam2. ding183 Mon Mar 19 13:21:58 EDT 2018  Total:  7 of 20
7
20
CS240: Exam2. ding183 Mon Mar 19 13:23:28 EDT 2018  Total:  20 of 20
20
20
CS240: Exam2. ding183 Mon Mar 19 13:23:55 EDT 2018  Total:  20 of 20
20
20
CS240: Exam2. ding183 Tue Mar 20 09:44:41 EDT 2018  Total:  7 of 20
7
20
CS240: Exam2. ding183 Tue Mar 20 09:44:59 EDT 2018  Total:  20 of 20
20
20
CS240: Exam2. ding183 Tue Mar 20 09:48:34 EDT 2018  Total:  20 of 20
20
20
CS240: Exam2. ding183 Tue Mar 20 09:49:06 EDT 2018  Total:  20 of 20
20
20
CS240: Exam2. ding183 Tue Mar 20 09:49:52 EDT 2018  Total:  20 of 20
20
20
CS240: Exam2. ding183 Tue Mar 20 21:50:51 EDT 2018  Total:  20 of 20
20
20
