CS240: Exam2. pheldrin Wed Dec 2 02:49:44 EST 2015  Total:  0 of 24
0
24
CS240: Exam2. pheldrin Wed Dec 2 02:49:53 EST 2015  Total:  0 of 24
0
24
CS240: Exam2. pheldrin Wed Dec 2 03:11:50 EST 2015  Total:  0 of 24
0
24
CS240: Exam3. pheldrin Fri Dec 4 10:38:15 EST 2015  Total:  0 of 24
0
24
CS240: Exam3. pheldrin Fri Dec 4 10:55:39 EST 2015  Total:  12 of 12
12
12
CS240: Exam3. pheldrin Fri Dec 4 10:55:54 EST 2015  Total:  24 of 24
24
24
CS240: Exam3. pheldrin Fri Dec 4 10:56:00 EST 2015  Total:  24 of 24
24
24
CS240: Exam3. pheldrin Fri Dec 4 10:57:02 EST 2015  Total:  25 of 25
25
25
CS240: Exam3. pheldrin Sun Dec 6 22:33:54 EST 2015  Total:  25 of 25
25
25
CS240: Exam3. pheldrin Sun Dec 6 23:21:14 EST 2015  Total:  25 of 25
25
25
CS240: Exam3. pheldrin Mon Dec 7 16:22:18 EST 2015  Total:  25 of 25
25
25
CS240: Exam3. page38 Wed Dec 9 18:01:15 EST 2015  Total:  25 of 25
25
25
CS240: Exam3. page38 Wed Dec 9 18:02:08 EST 2015  Total:  25 of 25
25
25
CS240: Exam3. page38 Wed Dec 9 18:06:19 EST 2015  Total:  25 of 25
25
25
CS240: Exam3. page38 Wed Dec 9 18:11:55 EST 2015  Total:  25 of 25
25
25
CS240: Exam3. page38 Wed Dec 9 18:12:48 EST 2015  Total:  25 of 25
25
25
CS240: Exam3. page38 Wed Dec 9 18:12:58 EST 2015  Total:  25 of 25
25
25
CS240: Exam3. pheldrin Sun Dec 13 21:12:15 EST 2015  Total:  25 of 25
25
25
CS240: Exam3. pheldrin Sun Dec 13 21:13:20 EST 2015  Total:  25 of 25
25
25
CS240: Exam3. pheldrin Sun Dec 13 21:19:36 EST 2015  Total:  25 of 25
25
25
CS240: Exam3. pheldrin Sun Dec 13 21:20:12 EST 2015  Total:  25 of 25
25
25
CS240: Exam3. pheldrin Sun Dec 13 21:20:32 EST 2015  Total:  25 of 25
25
25
CS240: Exam3. ding183 Mon Apr 16 15:25:30 EDT 2018  Total:  3 of 25
3
25
CS240: Exam3. ding183 Mon Apr 16 15:25:39 EDT 2018  Total:  3 of 25
3
25
CS240: Exam3. ding183 Mon Apr 16 15:26:09 EDT 2018  Total:  3 of 25
3
25
CS240: Exam3. ding183 Mon Apr 16 15:27:27 EDT 2018  Total:  3 of 25
3
25
CS240: Exam3. ding183 Mon Apr 16 15:28:17 EDT 2018  Total:  3 of 25
3
25
CS240: Exam3. ding183 Mon Apr 16 15:30:52 EDT 2018  Total:  25 of 25
25
25
CS240: Exam3. ding183 Mon Apr 16 15:47:21 EDT 2018  Total:  25 of 25
25
25
CS240: Exam3. ding183 Tue Apr 17 23:40:37 EDT 2018  Total:  25 of 25
25
25
CS240: Exam3. ding183 Tue Apr 17 23:43:29 EDT 2018  Total:  11 of 25
11
25
CS240: Exam3. ding183 Tue Apr 17 23:43:58 EDT 2018  Total:  25 of 25
25
25
CS240: Exam3. ding183 Tue Apr 17 23:46:13 EDT 2018  Total:  25 of 25
25
25
CS240: Exam3. ding183 Tue Apr 17 23:47:56 EDT 2018  Total:  25 of 25
25
25
