CS240: Exam3. pheldrin Thu Dec 10 20:12:55 EST 2015  Total:  25 of 25
25
25
CS240: Exam3. pheldrin Thu Dec 10 20:13:53 EST 2015  Total:  25 of 25
25
25
CS240: Exam3. pheldrin Fri Dec 11 00:41:36 EST 2015  Total:  25 of 25
25
25
CS240: Exam3. pheldrin Fri Dec 11 00:44:55 EST 2015  Total:  25 of 25
25
25
CS240: Exam3. pheldrin Fri Dec 11 22:03:10 EST 2015  Total:  25 of 25
25
25
CS240: Exam3. pheldrin Fri Dec 11 22:12:25 EST 2015  Total:  25 of 25
25
25
CS240: Exam3. pheldrin Fri Dec 11 22:13:32 EST 2015  Total:  25 of 25
25
25
CS240: Exam3. pheldrin Fri Dec 11 22:13:43 EST 2015  Total:  25 of 25
25
25
CS240: Exam3. pheldrin Fri Dec 11 22:20:51 EST 2015  Total:  25 of 25
25
25
CS240: Exam3. pheldrin Fri Dec 11 22:28:36 EST 2015  Total:  25 of 25
25
25
CS240: Exam3. pheldrin Fri Dec 11 22:40:19 EST 2015  Total:  25 of 25
25
25
CS240: Exam3. pheldrin Fri Dec 11 22:41:18 EST 2015  Total:  3 of 25
3
25
CS240: Exam3. pheldrin Fri Dec 11 22:41:24 EST 2015  Total:  3 of 25
3
25
CS240: Exam3. pheldrin Sun Dec 13 21:44:23 EST 2015  Total:  3 of 25
3
25
CS240: Exam3. pheldrin Sun Dec 13 21:44:34 EST 2015  Total:  3 of 25
3
25
CS240: Exam3. pheldrin Sun Dec 13 21:44:54 EST 2015  Total:  3 of 25
3
25
CS240: Exam3. cs240 Tue Nov 14 08:56:48 EST 2017  Total:  3 of 25
3
25
CS240: Exam3. ding183 Sun Apr 15 15:24:58 EDT 2018  Total:  3 of 25
3
25
CS240: Exam3. ding183 Sun Apr 15 15:29:50 EDT 2018  Total:  12 of 25
12
25
CS240: Exam3. ding183 Sun Apr 15 15:31:39 EDT 2018  Total:  3 of 25
3
25
CS240: Exam3. ding183 Sun Apr 15 15:31:54 EDT 2018  Total:  3 of 25
3
25
CS240: Exam3. ding183 Sun Apr 15 15:32:11 EDT 2018  Total:  12 of 25
12
25
CS240: Exam3. ding183 Sun Apr 15 15:37:04 EDT 2018  Total:  12 of 25
12
25
CS240: Exam3. ding183 Sun Apr 15 15:38:04 EDT 2018  Total:  12 of 25
12
25
CS240: Exam3. ding183 Sun Apr 15 15:38:56 EDT 2018  Total:  12 of 25
12
25
CS240: Exam3. ding183 Sun Apr 15 15:39:31 EDT 2018  Total:  12 of 25
12
25
CS240: Exam3. ding183 Sun Apr 15 15:42:00 EDT 2018  Total:  12 of 25
12
25
CS240: Exam3. ding183 Sun Apr 15 15:42:50 EDT 2018  Total:  12 of 25
12
25
CS240: Exam3. ding183 Sun Apr 15 15:45:32 EDT 2018  Total:  12 of 25
12
25
CS240: Exam3. ding183 Sun Apr 15 15:47:11 EDT 2018  Total:  12 of 25
12
25
CS240: Exam3. ding183 Sun Apr 15 15:49:23 EDT 2018  Total:  12 of 25
12
25
CS240: Exam3. ding183 Sun Apr 15 15:49:50 EDT 2018  Total:  12 of 25
12
25
CS240: Exam3. ding183 Sun Apr 15 15:53:29 EDT 2018  Total:  12 of 25
12
25
CS240: Exam3. ding183 Sun Apr 15 15:56:48 EDT 2018  Total:  12 of 25
12
25
CS240: Exam3. ding183 Sun Apr 15 15:57:22 EDT 2018  Total:  12 of 25
12
25
CS240: Exam3. ding183 Sun Apr 15 15:58:56 EDT 2018  Total:  12 of 25
12
25
CS240: Exam3. ding183 Sun Apr 15 16:01:22 EDT 2018  Total:  12 of 25
12
25
CS240: Exam3. ding183 Sun Apr 15 16:01:53 EDT 2018  Total:  18 of 25
18
25
CS240: Exam3. ding183 Sun Apr 15 16:09:16 EDT 2018  Total:  19 of 25
19
25
CS240: Exam3. ding183 Sun Apr 15 16:14:01 EDT 2018  Total:  19 of 25
19
25
CS240: Exam3. ding183 Sun Apr 15 16:21:05 EDT 2018  Total:  19 of 25
19
25
CS240: Exam3. ding183 Sun Apr 15 18:37:56 EDT 2018  Total:  19 of 25
19
25
CS240: Exam3. ding183 Sun Apr 15 18:39:51 EDT 2018  Total:  19 of 25
19
25
CS240: Exam3. ding183 Sun Apr 15 18:40:24 EDT 2018  Total:  19 of 25
19
25
CS240: Exam3. ding183 Mon Apr 16 14:04:40 EDT 2018  Total:  25 of 25
25
25
CS240: Exam3. ding183 Mon Apr 16 14:36:03 EDT 2018  Total:  25 of 25
25
25
CS240: Exam3. ding183 Mon Apr 16 15:47:21 EDT 2018  Total:  25 of 25
25
25
CS240: Exam3. ding183 Tue Apr 17 09:38:25 EDT 2018  Total:  25 of 25
25
25
CS240: Exam3. ding183 Tue Apr 17 23:53:26 EDT 2018  Total:  19 of 25
19
25
CS240: Exam3. ding183 Tue Apr 17 23:54:23 EDT 2018  Total:  22 of 25
22
25
CS240: Exam3. ding183 Tue Apr 17 23:55:58 EDT 2018  Total:  25 of 25
25
25
CS240: Exam3. ding183 Tue Apr 17 23:57:35 EDT 2018  Total:  25 of 25
25
25
CS240: Exam3. ding183 Wed Apr 18 00:01:01 EDT 2018  Total:  25 of 25
25
25
CS240: Exam3. ding183 Wed Apr 18 00:07:15 EDT 2018  Total:  25 of 25
25
25
