(GlobalVar 11 () ".str" (TypePointer (TypeArray (TypeInt 8) 3)) (list 37 100 0))
(GlobalVar 12 () ".str.1" (TypePointer (TypeArray (TypeInt 8) 13)) (list 84 111 117 112 112 101 114 58 32 37 115 10 0))
(Function 1 () "llvm_memset" (TypeVoid))
(Function 2 () "llvm_memcpy" (TypeVoid))
(Function 3 () "llvm_memmove" (TypeVoid))
(Function 13 () "__my_scanf" (TypeInt 32) (FuncParam 0 "fmt" (TypePointer (TypeInt 8))) (FuncParam 1 "ptr" (TypePointer (TypeInt 32))))
(BasicBlock 14 ())
(AllocaInst 15 () "" (TypePointer (TypePointer (TypeInt 8))))
(AllocaInst 16 () "" (TypePointer (TypePointer (TypeInt 32))))
(StoreInst 17 () (iref 15) (arg 0))
(LocalVar 15 "fmt" (TypePointer (TypeInt 8)))
(StoreInst 19 () (iref 16) (arg 1))
(LocalVar 16 "ptr" (TypePointer (TypeInt 32)))
(LoadInst 21 (DBG "/homes/kim1051/apex-bin//instrument/common.h" 6 17) (iref 16))
(GetPtrInst 22 () (iref 11) 0 0)
(CallInst 23 (DBG "/homes/kim1051/apex-bin//instrument/common.h" 6 5) (iref 28) (CallParam (iref 22) (TypePointer (TypeInt 8))) (CallParam (iref 21) (TypePointer (TypeInt 32))))
(LoadInst 24 (DBG "/homes/kim1051/apex-bin//instrument/common.h" 7 15) (iref 16))
(CallInst 25 (DBG "/homes/kim1051/apex-bin//instrument/common.h" 7 5) (iref 29) (CallParam (iref 24) (TypePointer (TypeInt 32))))
(ReturnInst 26 (DBG "/homes/kim1051/apex-bin//instrument/common.h" 8 5) 1)
(Function 28 () "__isoc99_scanf" (TypeInt 32) (FuncParam 0 "" (TypePointer (TypeInt 8))))
(Function 29 () "INPUT_VAL" (TypeVoid) (FuncParam 0 "" (TypePointer (TypeInt 32))))
(Function 30 () "main" (TypeInt 32) (FuncParam 0 "argc" (TypeInt 32)) (FuncParam 1 "argv" (TypePointer (TypePointer (TypeInt 8)))))
(BasicBlock 31 () (iref 54))
(AllocaInst 32 () "" (TypePointer (TypeInt 32)))
(AllocaInst 33 () "" (TypePointer (TypeInt 32)))
(AllocaInst 34 () "" (TypePointer (TypePointer (TypePointer (TypeInt 8)))))
(AllocaInst 35 () "string" (TypePointer (TypeArray (TypeInt 8) 32)))
(AllocaInst 36 () "upper" (TypePointer (TypeArray (TypeInt 8) 32)))
(AllocaInst 37 () "i" (TypePointer (TypeInt 32)))
(AllocaInst 38 () "character" (TypePointer (TypeInt 8)))
(StoreInst 39 () (iref 32) 0)
(StoreInst 40 () (iref 33) (arg 0))
(LocalVar 33 "argc" (TypeInt 32))
(StoreInst 42 () (iref 34) (arg 1))
(LocalVar 34 "argv" (TypePointer (TypePointer (TypeInt 8))))
(LocalVar 35 "string" (TypeArray (TypeInt 8) 1))
(LocalVar 36 "upper" (TypeArray (TypeInt 8) 1))
(CastInst 46 (DBG "src.c" 5 8) (TypePointer (TypeArray (TypeInt 8) 32)) (TypePointer (TypeInt 8)) (iref 36))
(CallInst 47 (DBG "src.c" 5 8) (iref 1) (CallParam (iref 46) (TypePointer (TypeInt 8))) (CallParam 0 (TypeInt 8)) (CallParam 32 (TypeInt 64)) (CallParam 16 (TypeInt 32)) (CallParam 0 (TypeInt 1)))
(LocalVar 37 "i" (TypeInt 32))
(StoreInst 49 (DBG "src.c" 6 7) (iref 37) 0)
(GetPtrInst 50 (DBG "src.c" 8 16) (iref 35) 0 0)
(CallInst 51 (DBG "src.c" 8 3) (iref 109) (CallParam (iref 50) (TypePointer (TypeInt 8))))
(StoreInst 52 (DBG "src.c" 10 10) (iref 37) 0)
(BranchInst 53 (DBG "src.c" 10 8) nil (iref 54))
(BasicBlock 54 () (iref 62) (iref 103))
(LoadInst 55 (DBG "src.c" 10 22) (iref 37))
(CastInst 56 (DBG "src.c" 10 15) (TypeInt 32) (TypeInt 64) (iref 55))
(GetPtrInst 57 (DBG "src.c" 10 15) (iref 35) 0 (iref 56))
(LoadInst 58 (DBG "src.c" 10 15) (iref 57))
(CastInst 59 (DBG "src.c" 10 15) (TypeInt 8) (TypeInt 32) (iref 58))
(CmpInst 60 (DBG "src.c" 10 25) 33 (iref 59) 0)
(BranchInst 61 (DBG "src.c" 10 3) (iref 60) (iref 62) (iref 103))
(BasicBlock 62 () (iref 73) (iref 89))
(LocalVar 38 "character" (TypeInt 8))
(LoadInst 64 (DBG "src.c" 11 29) (iref 37))
(CastInst 65 (DBG "src.c" 11 22) (TypeInt 32) (TypeInt 64) (iref 64))
(GetPtrInst 66 (DBG "src.c" 11 22) (iref 35) 0 (iref 65))
(LoadInst 67 (DBG "src.c" 11 22) (iref 66))
(StoreInst 68 (DBG "src.c" 11 10) (iref 38) (iref 67))
(LoadInst 69 (DBG "src.c" 13 16) (iref 38))
(CastInst 70 (DBG "src.c" 13 16) (TypeInt 8) (TypeInt 32) (iref 69))
(CmpInst 71 (DBG "src.c" 13 13) 41 97 (iref 70))
(BranchInst 72 (DBG "src.c" 13 26) (iref 71) (iref 73) (iref 89))
(BasicBlock 73 () (iref 78) (iref 89))
(LoadInst 74 (DBG "src.c" 13 29) (iref 38))
(CastInst 75 (DBG "src.c" 13 29) (TypeInt 8) (TypeInt 32) (iref 74))
(CmpInst 76 (DBG "src.c" 13 39) 41 (iref 75) 122)
(BranchInst 77 (DBG "src.c" 13 9) (iref 76) (iref 78) (iref 89))
(BasicBlock 78 () (iref 96))
(LoadInst 79 (DBG "src.c" 14 18) (iref 38))
(CastInst 80 (DBG "src.c" 14 18) (TypeInt 8) (TypeInt 32) (iref 79))
(BinopInst 81 (DBG "src.c" 14 28) 10 (iref 80) 97)
(BinopInst 82 (DBG "src.c" 14 34) 8 (iref 81) 65)
(CastInst 83 (DBG "src.c" 14 18) (TypeInt 32) (TypeInt 8) (iref 82))
(LoadInst 84 (DBG "src.c" 14 13) (iref 37))
(CastInst 85 (DBG "src.c" 14 7) (TypeInt 32) (TypeInt 64) (iref 84))
(GetPtrInst 86 (DBG "src.c" 14 7) (iref 36) 0 (iref 85))
(StoreInst 87 (DBG "src.c" 14 16) (iref 86) (iref 83))
(BranchInst 88 (DBG "src.c" 15 5) nil (iref 96))
(BasicBlock 89 () (iref 96))
(LoadInst 90 (DBG "src.c" 17 18) (iref 38))
(LoadInst 91 (DBG "src.c" 17 13) (iref 37))
(CastInst 92 (DBG "src.c" 17 7) (TypeInt 32) (TypeInt 64) (iref 91))
(GetPtrInst 93 (DBG "src.c" 17 7) (iref 36) 0 (iref 92))
(StoreInst 94 (DBG "src.c" 17 16) (iref 93) (iref 90))
(BranchInst 95 () nil (iref 96))
(BasicBlock 96 () (iref 98))
(BranchInst 97 (DBG "src.c" 19 3) nil (iref 98))
(BasicBlock 98 () (iref 54))
(LoadInst 99 (DBG "src.c" 10 32) (iref 37))
(BinopInst 100 (DBG "src.c" 10 32) 8 (iref 99) 1)
(StoreInst 101 (DBG "src.c" 10 32) (iref 37) (iref 100))
(BranchInst 102 (DBG "src.c" 10 3) nil (iref 54))
(BasicBlock 103 ())
(GetPtrInst 104 (DBG "src.c" 21 27) (iref 36) 0 0)
(GetPtrInst 105 () (iref 12) 0 0)
(CallInst 106 (DBG "src.c" 21 3) (iref 110) (CallParam (iref 105) (TypePointer (TypeInt 8))) (CallParam (iref 104) (TypePointer (TypeInt 8))))
(ReturnInst 107 (DBG "src.c" 22 3) 0)
(Function 109 () "INPUT_STRING" (TypeVoid) (FuncParam 0 "" (TypePointer (TypeInt 8))))
(Function 110 () "printf" (TypeInt 32) (FuncParam 0 "" (TypePointer (TypeInt 8))))
