CS240: Exam3. pheldrin Sun Dec 13 21:20:02 EST 2015  Total:  25 of 25
25
25
CS240: Exam3. pheldrin Sun Dec 13 21:20:11 EST 2015  Total:  25 of 25
25
25
CS240: Exam3. pheldrin Sun Dec 13 21:20:31 EST 2015  Total:  25 of 25
25
25
CS240: Exam3. pheldrin Sun Dec 13 21:39:46 EST 2015  Total:  0 of 25
0
25
CS240: Exam3. pheldrin Sun Dec 13 21:45:11 EST 2015  Total:  0 of 25
0
25
CS240: Exam3. pheldrin Sun Dec 13 21:45:39 EST 2015  Total:  0 of 25
0
25
CS240: Exam3. pheldrin Sun Dec 13 21:46:04 EST 2015  Total:  0 of 25
0
25
CS240: Exam3. cs240 Tue Nov 14 08:50:53 EST 2017  Total:  7 of 25
7
25
CS240: Exam3. cs240 Tue Nov 14 08:51:31 EST 2017  Total:  7 of 25
7
25
CS240: Exam3. cs240 Tue Nov 14 08:55:07 EST 2017  Total:  2 of 25
2
25
CS240: Exam3. cs240 Tue Nov 14 08:56:47 EST 2017  Total:  2 of 25
2
25
CS240: Exam3. ding183 Fri Apr 13 14:55:03 EDT 2018  Total:  2 of 25
2
25
CS240: Exam3. ding183 Fri Apr 13 14:57:20 EDT 2018  Total:  2 of 25
2
25
CS240: Exam3. ding183 Fri Apr 13 14:58:40 EDT 2018  Total:  8 of 25
8
25
CS240: Exam3. ding183 Fri Apr 13 15:06:39 EDT 2018  Total:  8 of 25
8
25
CS240: Exam3. ding183 Fri Apr 13 15:07:34 EDT 2018  Total:  8 of 25
8
25
CS240: Exam3. ding183 Fri Apr 13 15:09:01 EDT 2018  Total:  8 of 25
8
25
CS240: Exam3. ding183 Fri Apr 13 15:10:48 EDT 2018  Total:  10 of 25
10
25
CS240: Exam3. ding183 Fri Apr 13 15:12:05 EDT 2018  Total:  10 of 25
10
25
CS240: Exam3. ding183 Fri Apr 13 15:12:33 EDT 2018  Total:  10 of 25
10
25
CS240: Exam3. ding183 Fri Apr 13 15:14:25 EDT 2018  Total:  12 of 25
12
25
CS240: Exam3. ding183 Fri Apr 13 15:18:33 EDT 2018  Total:  12 of 25
12
25
CS240: Exam3. ding183 Fri Apr 13 15:20:09 EDT 2018  Total:  14 of 25
14
25
CS240: Exam3. ding183 Sun Apr 15 14:44:52 EDT 2018  Total:  14 of 25
14
25
CS240: Exam3. ding183 Sun Apr 15 14:45:51 EDT 2018  Total:  14 of 25
14
25
CS240: Exam3. ding183 Sun Apr 15 14:46:02 EDT 2018  Total:  14 of 25
14
25
CS240: Exam3. ding183 Sun Apr 15 14:46:51 EDT 2018  Total:  16 of 25
16
25
CS240: Exam3. ding183 Sun Apr 15 14:49:14 EDT 2018  Total:  19 of 25
19
25
CS240: Exam3. ding183 Sun Apr 15 14:51:06 EDT 2018  Total:  19 of 25
19
25
CS240: Exam3. ding183 Sun Apr 15 14:52:06 EDT 2018  Total:  22 of 25
22
25
CS240: Exam3. ding183 Sun Apr 15 14:55:16 EDT 2018  Total:  25 of 25
25
25
CS240: Exam3. ding183 Sun Apr 15 23:00:59 EDT 2018  Total:  25 of 25
25
25
CS240: Exam3. ding183 Mon Apr 16 15:47:19 EDT 2018  Total:  25 of 25
25
25
