CS240: TOUPPER. dohyeong Sat Feb 27 06:18:02 EST 2016  Total:  2 of 4

CS240: TOUPPER. dohyeong Sat Feb 27 06:24:23 EST 2016  Total:  2 of 4

CS240: TOUPPER. dohyeong Sat Feb 27 06:24:48 EST 2016  Total:  2 of 4

CS240: TOUPPER. dohyeong Sat Feb 27 06:25:01 EST 2016  Total:  2 of 4

CS240: TOUPPER. dohyeong Sat Feb 27 06:27:04 EST 2016  Total:  2 of 4

CS240: TOUPPER. dohyeong Sat Feb 27 06:28:18 EST 2016  Total:  0 of 4

CS240: TOUPPER. dohyeong Sat Feb 27 06:35:29 EST 2016  Total:  0 of 4

CS240: TOUPPER. dohyeong Sat Feb 27 06:35:43 EST 2016  Total:  0 of 4

CS240: TOUPPER. dohyeong Sat Feb 27 06:36:02 EST 2016  Total:  0 of 4

CS240: TOUPPER. dohyeong Sat Feb 27 09:57:55 EST 2016  Total:  2 of 4

CS240: TOUPPER. dohyeong Sat Feb 27 09:58:17 EST 2016  Total:  2 of 4

CS240: TOUPPER. dohyeong Sat Feb 27 10:00:29 EST 2016  Total:  2 of 4

CS240: TOUPPER. dohyeong Sat Feb 27 10:23:56 EST 2016  Total:  2 of 4

CS240: TOUPPER. dohyeong Sat Feb 27 10:24:30 EST 2016  Total:  2 of 4

CS240: TOUPPER. dohyeong Sat Feb 27 10:49:10 EST 2016  Total:  2 of 4

CS240: TOUPPER. dohyeong Sat Mar 5 10:04:11 EST 2016  Total:  2 of 4

CS240: TOUPPER. dohyeong Sat Mar 5 10:06:11 EST 2016  Total:  2 of 4

CS240: TOUPPER. dohyeong Sat Mar 5 10:11:38 EST 2016  Total:  2 of 4

CS240: TOUPPER. dohyeong Sat Mar 5 10:11:53 EST 2016  Total:  2 of 4

CS240: TOUPPER. dohyeong Sat Mar 5 10:12:33 EST 2016  Total:  2 of 4

CS240: TOUPPER. dohyeong Sat Mar 5 10:32:22 EST 2016  Total:  2 of 4

CS240: TOUPPER. dohyeong Sat Mar 5 10:32:56 EST 2016  Total:  2 of 4

CS240: TOUPPER. dohyeong Sat Mar 5 10:35:53 EST 2016  Total:  2 of 4

CS240: TOUPPER. dohyeong Sat Mar 5 10:41:51 EST 2016  Total:  2 of 4

CS240: TOUPPER. dohyeong Mon Mar 26 17:46:44 EDT 2018  Total:  2 of 4

CS240: TOUPPER. kim1051 Mon Mar 26 17:52:42 EDT 2018  Total:  2 of 4

CS240: TOUPPER. kim1051 Mon Mar 26 17:52:53 EDT 2018  Total:  2 of 4

CS240: TOUPPER. kim1051 Mon Mar 26 17:53:01 EDT 2018  Total:  2 of 4

CS240: TOUPPER. kim1051 Mon Mar 26 17:57:03 EDT 2018  Total:  2 of 4

CS240: TOUPPER. kim1051 Mon Mar 26 17:57:30 EDT 2018  Total:  2 of 4

CS240: TOUPPER. kim1051 Mon Mar 26 18:13:36 EDT 2018  Total:  2 of 4

CS240: TOUPPER. kim1051 Mon Mar 26 18:23:11 EDT 2018  Total:  2 of 4

CS240: TOUPPER. kim1051 Mon Mar 26 18:30:05 EDT 2018  Total:  2 of 4

CS240: TOUPPER. kim1051 Mon Mar 26 18:30:13 EDT 2018  Total:  2 of 4

CS240: TOUPPER. kim1051 Mon Mar 26 18:31:53 EDT 2018  Total:  2 of 4

CS240: TOUPPER. kim1051 Mon Mar 26 18:33:17 EDT 2018  Total:  2 of 4

CS240: TOUPPER. kim1051 Mon Mar 26 18:34:20 EDT 2018  Total:  2 of 4

CS240: TOUPPER. kim1051 Mon Mar 26 18:35:03 EDT 2018  Total:  2 of 4

CS240: TOUPPER. kim1051 Mon Mar 26 18:35:17 EDT 2018  Total:  2 of 4

CS240: TOUPPER. kim1051 Mon Mar 26 18:49:21 EDT 2018  Total:  2 of 4

CS240: TOUPPER. kim1051 Mon Mar 26 18:49:33 EDT 2018  Total:  2 of 4

CS240: TOUPPER. kim1051 Mon Mar 26 18:55:05 EDT 2018  Total:  2 of 4

CS240: TOUPPER. kim1051 Mon Mar 26 18:55:52 EDT 2018  Total:  2 of 4

CS240: TOUPPER. kim1051 Mon Mar 26 18:56:40 EDT 2018  Total:  2 of 4

CS240: TOUPPER. kim1051 Mon Mar 26 18:56:50 EDT 2018  Total:  2 of 4

CS240: TOUPPER. kim1051 Mon Mar 26 18:58:01 EDT 2018  Total:  2 of 4

CS240: TOUPPER. kim1051 Mon Apr 2 18:12:44 EDT 2018  Total:  2 of 4

CS240: TOUPPER. kim1051 Mon Apr 2 18:44:33 EDT 2018  Total:  2 of 4

CS240: TOUPPER. kim1051 Mon Apr 2 18:46:04 EDT 2018  Total:  0 of 4

CS240: TOUPPER. kim1051 Mon Apr 2 18:46:56 EDT 2018  Total:  0 of 4

CS240: TOUPPER. kim1051 Mon Apr 2 18:47:26 EDT 2018  Total:  0 of 4

CS240: TOUPPER. kim1051 Mon Apr 2 18:47:42 EDT 2018  Total:  0 of 4

CS240: TOUPPER. kim1051 Mon Apr 2 18:49:09 EDT 2018  Total:  0 of 4

CS240: TOUPPER. kim1051 Mon Apr 2 18:54:07 EDT 2018  Total:  2 of 4

CS240: TOUPPER. kim1051 Mon Apr 2 18:54:13 EDT 2018  Total:  2 of 4

CS240: TOUPPER. kim1051 Mon Apr 2 18:54:15 EDT 2018  Total:  2 of 4

CS240: TOUPPER. kim1051 Mon Apr 2 18:54:38 EDT 2018  Total:  2 of 4

CS240: TOUPPER. kim1051 Mon Apr 2 18:56:01 EDT 2018  Total:  2 of 4

CS240: TOUPPER. kim1051 Mon Apr 2 18:56:36 EDT 2018  Total:  2 of 4

CS240: TOUPPER. kim1051 Mon Apr 2 18:57:13 EDT 2018  Total:  2 of 4

CS240: TOUPPER. kim1051 Mon Apr 2 18:57:47 EDT 2018  Total:  2 of 4

CS240: TOUPPER. kim1051 Tue Apr 3 14:39:03 EDT 2018  Total:  2 of 4

CS240: TOUPPER. kim1051 Tue Apr 3 14:39:14 EDT 2018  Total:  2 of 4

CS240: TOUPPER. kim1051 Tue Apr 3 14:39:26 EDT 2018  Total:  2 of 4

CS240: TOUPPER. kim1051 Tue Apr 3 14:40:20 EDT 2018  Total:  2 of 4

CS240: TOUPPER. kim1051 Tue Apr 3 14:41:31 EDT 2018  Total:  2 of 4

CS240: TOUPPER. ding183 Wed Apr 4 11:54:37 EDT 2018  Total:  2 of 4

CS240: TOUPPER. ding183 Wed Apr 4 11:59:19 EDT 2018  Total:  0 of 4

CS240: TOUPPER. ding183 Wed Apr 4 11:59:29 EDT 2018  Total:  2 of 4

CS240: TOUPPER. ding183 Wed Apr 4 12:01:50 EDT 2018  Total:  2 of 4

CS240: TOUPPER. ding183 Wed Apr 4 12:03:25 EDT 2018  Total:  2 of 4

CS240: TOUPPER. ding183 Wed Apr 4 12:04:04 EDT 2018  Total:  2 of 4

CS240: TOUPPER. ding183 Wed Apr 4 12:05:08 EDT 2018  Total:  4 of 4

